<?xml version="1.0" encoding="UTF-8"?>
<testng-results skipped="0" failed="0" ignored="0" total="1" passed="1">
  <reporter-output>
  </reporter-output>
  <suite name="Surefire suite" duration-ms="12" started-at="2022-05-17T14:36:17Z" finished-at="2022-05-17T14:36:17Z">
    <groups>
    </groups>
    <test name="Surefire test" duration-ms="12" started-at="2022-05-17T14:36:17Z" finished-at="2022-05-17T14:36:17Z">
      <class name="MavenJavaProject.MavenJava.AppTest">
        <test-method status="PASS" signature="testApp()[pri:0, instance:testApp(MavenJavaProject.MavenJava.AppTest)]" name="testApp" duration-ms="1" started-at="2022-05-17T20:06:17Z" finished-at="2022-05-17T20:06:17Z">
          <reporter-output>
          </reporter-output>
        </test-method> <!-- testApp -->
      </class> <!-- MavenJavaProject.MavenJava.AppTest -->
    </test> <!-- Surefire test -->
  </suite> <!-- Surefire suite -->
</testng-results>
