<?xml version="1.0" encoding="UTF-8"?>
<!-- Generated by org.testng.reporters.JUnitXMLReporter -->
<testsuite hostname="LAPTOP-D487ETE2" ignored="0" name="Test" tests="1" failures="0" timestamp="20 May 2022 09:02:57 GMT" time="0.152" errors="0">
  <testcase name="@BeforeClass beforeClass" time="0.094" classname="loginTests.LoginBasicTest">
    <failure type="java.lang.NoClassDefFoundError" message="okhttp3/ConnectionPool">
      <![CDATA[java.lang.NoClassDefFoundError: okhttp3/ConnectionPool
	at org.openqa.selenium.remote.internal.OkHttpClient$Factory.<init>(OkHttpClient.java:116)
	at org.openqa.selenium.remote.http.HttpClient$Factory.createDefault(HttpClient.java:66)
	at org.openqa.selenium.remote.HttpCommandExecutor.<clinit>(HttpCommandExecutor.java:47)
	at org.openqa.selenium.chrome.ChromeDriver.<init>(ChromeDriver.java:181)
	at org.openqa.selenium.chrome.ChromeDriver.<init>(ChromeDriver.java:168)
	at org.openqa.selenium.chrome.ChromeDriver.<init>(ChromeDriver.java:123)
	at source.Base.driverInitialize(Base.java:21)
	at loginTests.LoginBasicTest.beforeClass(LoginBasicTest.java:21)
Caused by: java.lang.ClassNotFoundException: okhttp3.ConnectionPool
	at java.net.URLClassLoader.findClass(Unknown Source)
	at java.lang.ClassLoader.loadClass(Unknown Source)
	at sun.misc.Launcher$AppClassLoader.loadClass(Unknown Source)
	at java.lang.ClassLoader.loadClass(Unknown Source)
	... 33 more
... Removed 25 stack frames]]>
    </failure>
  </testcase> <!-- @BeforeClass beforeClass -->
  <testcase name="logintest1" time="0.0" classname="loginTests.LoginBasicTest">
    <skipped/>
  </testcase> <!-- logintest1 -->
</testsuite> <!-- Test -->
