<?xml version="1.0" encoding="UTF-8"?>
<!-- Generated by org.testng.reporters.JUnitXMLReporter -->
<testsuite hostname="LAPTOP-D487ETE2" ignored="0" name="Surefire test" tests="6" failures="0" timestamp="17 May 2022 14:36:17 GMT" time="0.157" errors="0">
  <testcase name="test1" time="0.086" classname="MavenJavaProject.MavenJava.RegressionTest"/>
  <testcase name="test2" time="0.0" classname="MavenJavaProject.MavenJava.RegressionTest"/>
  <testcase name="test3" time="0.0" classname="MavenJavaProject.MavenJava.RegressionTest"/>
  <testcase name="test1" time="0.001" classname="MavenJavaProject.MavenJava.SanityTest"/>
  <testcase name="test2" time="0.001" classname="MavenJavaProject.MavenJava.SanityTest"/>
  <testcase name="test3" time="0.001" classname="MavenJavaProject.MavenJava.SanityTest"/>
</testsuite> <!-- Surefire test -->
