<?xml version="1.0" encoding="UTF-8"?>
<testng-results skipped="0" failed="0" ignored="0" total="3" passed="3">
  <reporter-output>
  </reporter-output>
  <suite name="Surefire suite" duration-ms="164" started-at="2022-05-17T14:48:04Z" finished-at="2022-05-17T14:48:04Z">
    <groups>
    </groups>
    <test name="Surefire test" duration-ms="164" started-at="2022-05-17T14:48:04Z" finished-at="2022-05-17T14:48:04Z">
      <class name="MavenJavaProject.MavenJava.RegressionTest">
        <test-method status="PASS" signature="test1()[pri:0, instance:MavenJavaProject.MavenJava.RegressionTest@783e6358]" name="test1" duration-ms="106" started-at="2022-05-17T20:18:04Z" finished-at="2022-05-17T20:18:04Z">
          <reporter-output>
          </reporter-output>
        </test-method> <!-- test1 -->
        <test-method status="PASS" signature="test2()[pri:0, instance:MavenJavaProject.MavenJava.RegressionTest@783e6358]" name="test2" duration-ms="1" started-at="2022-05-17T20:18:04Z" finished-at="2022-05-17T20:18:04Z">
          <reporter-output>
          </reporter-output>
        </test-method> <!-- test2 -->
        <test-method status="PASS" signature="test3()[pri:0, instance:MavenJavaProject.MavenJava.RegressionTest@783e6358]" name="test3" duration-ms="0" started-at="2022-05-17T20:18:04Z" finished-at="2022-05-17T20:18:04Z">
          <reporter-output>
          </reporter-output>
        </test-method> <!-- test3 -->
      </class> <!-- MavenJavaProject.MavenJava.RegressionTest -->
    </test> <!-- Surefire test -->
  </suite> <!-- Surefire suite -->
</testng-results>
